<?xml version="1.0" encoding="UTF-8"?>
<robot generator="Robot 6.0.2 (Python 3.10.5 on win32)" generated="20230115 22:22:56.577" rpa="false" schemaversion="3">
<suite id="s1" name="Google" source="c:\Users\91917\OneDrive\Documents\Value Factors\RobotFramework\test\google.robot">
<kw name="Open Browser" library="Selenium2Library" type="SETUP">
<arg>${URL}</arg>
<arg>${BROWSER}</arg>
<doc>Opens a new browser instance to the optional ``url``.</doc>
<msg timestamp="20230115 22:22:56.882" level="INFO">Opening browser 'Chrome' to base url 'http://www.google.com'.</msg>
<status status="PASS" starttime="20230115 22:22:56.881" endtime="20230115 22:23:01.061"/>
</kw>
<test id="s1-t1" name="Google Search" line="16">
<kw name="Wait Until Element Is Visible" library="Selenium2Library">
<arg>${search_form}</arg>
<doc>Waits until the element ``locator`` is visible.</doc>
<msg timestamp="20230115 22:23:06.330" level="INFO" html="true">&lt;/td&gt;&lt;/tr&gt;&lt;tr&gt;&lt;td colspan="3"&gt;&lt;a href="selenium-screenshot-1.png"&gt;&lt;img src="selenium-screenshot-1.png" width="800px"&gt;&lt;/a&gt;</msg>
<msg timestamp="20230115 22:23:06.331" level="FAIL">Element 'css=form[name=f]' not visible after 5 seconds.</msg>
<status status="FAIL" starttime="20230115 22:23:01.062" endtime="20230115 22:23:06.336"/>
</kw>
<kw name="Wait Until Element Is Visible" library="Selenium2Library">
<arg>${search_query}</arg>
<doc>Waits until the element ``locator`` is visible.</doc>
<status status="NOT RUN" starttime="20230115 22:23:06.337" endtime="20230115 22:23:06.337"/>
</kw>
<kw name="Input Text" library="Selenium2Library">
<arg>${search_query}</arg>
<arg>${EMPTY}</arg>
<doc>Types the given ``text`` into the text field identified by ``locator``.</doc>
<status status="NOT RUN" starttime="20230115 22:23:06.339" endtime="20230115 22:23:06.339"/>
</kw>
<kw name="Input Text" library="Selenium2Library">
<arg>${search_query}</arg>
<arg>${search_term}</arg>
<doc>Types the given ``text`` into the text field identified by ``locator``.</doc>
<status status="NOT RUN" starttime="20230115 22:23:06.340" endtime="20230115 22:23:06.341"/>
</kw>
<kw name="Submit Form" library="Selenium2Library">
<doc>Submits a form identified by ``locator``.</doc>
<status status="NOT RUN" starttime="20230115 22:23:06.341" endtime="20230115 22:23:06.341"/>
</kw>
<status status="FAIL" starttime="20230115 22:23:01.061" endtime="20230115 22:23:06.342">Element 'css=form[name=f]' not visible after 5 seconds.</status>
</test>
<kw name="Close All Browsers" library="Selenium2Library" type="TEARDOWN">
<doc>Closes all open browsers and resets the browser cache.</doc>
<status status="PASS" starttime="20230115 22:23:06.344" endtime="20230115 22:23:12.690"/>
</kw>
<status status="FAIL" starttime="20230115 22:22:56.582" endtime="20230115 22:23:12.690"/>
</suite>
<statistics>
<total>
<stat pass="0" fail="1" skip="0">All Tests</stat>
</total>
<tag>
</tag>
<suite>
<stat pass="0" fail="1" skip="0" id="s1" name="Google">Google</stat>
</suite>
</statistics>
<errors>
</errors>
</robot>
